-9.7788 0.5569 1.1975 0.0083726 -0.03349 2.6493 -9.4517 0.37683 -0.20965 -0.88931 -0.50884 0.56366 0.54482 -0.73822 -2.8439 -9.0618 1.8177 -0.058824 -0.93429 -0.34483 0.35537 -0.37003 -0.3502 1
-9.7733 0.2788 0.73036 -0.025118 -0.025118 2.4157 -9.5306 0.40179 -0.20965 -0.88931 -0.50884 0.5681 0.91175 -0.88628 -2.9935 -9.2048 1.5189 -0.058824 -0.93429 -0.34483 0.71991 0.17803 0.37363 1
-9.8609 0.11561 0.79988 0.025118 0.016745 2.3865 -9.5991 0.48141 -0.20037 -0.86867 -0.50688 0.2111 0.54835 -1.0198 -2.8846 -9.1945 1.5507 -0.058824 -0.93429 -0.34483 0.35537 -0.37003 -0.3502 1
-9.2271 0.2443 2.7062 0.61538 0.07954 0.47221 -9.575 0.91139 0.50464 -0.84803 -0.53045 0.55511 0.91188 -0.45312 -5.267 -7.1339 3.6121 0.17059 -0.70431 0.41164 1.2693 1.2615 0.37378 2
-9.3184 0.26526 2.5397 -0.56515 -0.41026 0.45538 -9.8315 1.013 0.50464 -0.84803 -0.53045 0.37866 0.36319 -0.58841 -5.2665 -7.3134 3.6552 0.17059 -0.70431 0.41164 0.72899 1.0853 0.36474 2
-9.4789 0.20689 2.1555 -0.20513 -0.19257 0.6072 -9.7427 0.97727 0.50464 -0.84803 -0.53045 0.021823 0.55024 -0.72744 -5.4389 -7.213 3.7019 0.17059 -0.70431 0.41164 0.72721 0.90744 0.72749 2
2.2813 0.5818 9.7576 -0.15489 -0.2428 3.3576 1.7827 8.9665 0.39703 0.65291 0.35953 0.37872 0.54667 -0.59024 -7.1947 1.4434 6.343 -0.17451 0.71869 0.77802 0.36266 0.35939 0.0036593 3
2.5234 0.59537 9.6536 -0.11722 -0.18838 3.4729 1.6759 9.1706 0.39703 0.65291 0.35953 0.38299 0.36314 -0.73279 -7.0592 1.5346 6.4621 -0.17451 0.71869 0.77802 0.54395 0.53547 -0.35549 3
2.251 0.58308 9.5998 -0.15908 -0.24699 3.3765 1.7412 8.7771 0.39147 0.65291 0.37132 0.20238 0.36495 -0.7292 -7.2204 1.5549 6.4944 -0.19412 0.73922 0.7694 0.36444 0.53723 -0.35909 3
-10.395 1.0717 0.61225 -0.037677 -0.16327 4.3791 -10.206 0.14805 0.59184 -0.52345 0.48919 -29.495 -71.448 -3.6018 -7.0015 -10.089 3.0789 -0.57647 -0.59959 0.75431 -7.4624 7.7953 -44.632 4
-9.3824 1.4451 0.65637 0.096285 -0.092098 5.4713 -9.5863 -0.21627 0.62338 -0.55347 0.39489 -22.5 -17.757 -2.1141 -6.3209 -10.026 2.3737 -0.57647 -0.59959 0.75431 -9.1035 -12.689 -25.687 4
-8.3859 1.1131 0.5107 0.18838 0.025118 4.1823 -9.5796 -0.53091 0.62338 -0.55347 0.39489 -17.522 5.8633 0.43611 -4.5576 -10.184 1.6471 -0.56667 -0.65298 0.72629 -9.1449 -16.823 -3.6248 4
-9.7682 0.028039 -2.4712 -0.57352 -0.30979 3.8925 -9.9944 -3.3983 -0.29314 -0.45028 0.043222 -9.2161 12.753 0.3454 -2.9894 -8.7211 1.8869 -0.40196 -0.3306 -0.17241 -5.1337 7.2756 14.626 5
-9.4911 -0.19005 -3.6171 -0.041863 0.0041863 1.7172 -9.2158 -1.777 -0.30056 -0.46529 0.02947 -10.343 12.947 1.809 -2.9168 -9.0808 1.921 -0.40196 -0.3306 -0.17241 -5.3206 6.5371 13.186 5
-10.623 -0.14429 -2.2551 -0.075353 -0.041863 3.0118 -10.367 -1.0195 -0.30056 -0.46529 0.02947 -13.843 1.4228 4.1587 -2.725 -9.2907 1.9313 -0.39216 -0.31006 -0.21983 -5.1181 8.8365 7.3905 5
-7.9887 0.95186 2.8857 0.22606 0.50654 0.14744 -9.8733 0.78906 -0.46382 -0.68668 0.47151 3.1554 8.7758 -2.8926 -5.6556 -8.2373 3.2652 -0.92353 -0.49076 0.21983 -7.5718 -39.049 25.871 6
-8.6915 1.2392 2.7431 0.25118 0.53585 -0.025922 -9.9632 0.70991 -0.46382 -0.68668 0.47151 3.6982 12.073 -2.9364 -4.7974 -8.4328 2.7242 -0.92353 -0.49076 0.21983 -9.9868 -47.151 29.875 6
-8.7224 0.76761 2.3954 0.3349 0.52747 -0.12911 -9.8543 0.70391 -0.46382 -0.68668 0.47151 4.0625 7.8493 -3.0457 -3.5484 -8.1866 2.3407 -0.92353 -0.49076 0.21983 -13.476 -54.935 28.439 6
-9.3187 0.7852 2.0601 -0.34746 -0.092098 2.1718 -9.5096 0.5254 -0.36364 -0.82364 0.44008 0.89435 -0.19243 0.27264 -11.405 -8.1577 5.2275 -0.91569 -0.53799 -0.11207 13.427 -39.694 36.767 7
-10.347 0.65888 1.5435 -0.35165 -0.15071 2.2542 -9.6688 0.44535 -0.36364 -0.82364 0.44008 1.2602 0.72134 0.11188 -9.9008 -9.2821 4.7859 -0.91569 -0.53799 -0.11207 16.559 -49.707 54.98 7
-10.332 0.45855 1.3886 -0.34328 -0.14652 2.0615 -9.7477 0.48115 -0.36364 -0.82364 0.44008 1.9829 1.4481 0.090162 -9.5306 -11.173 5.7435 -0.97647 -0.48049 0.017241 22.808 -53.089 67.774 7
-7.7211 1.2071 -3.1756 -0.020931 0.52329 3.038 -9.4522 -4.6297 -0.33766 -0.98687 0.066798 40.361 14.826 8.424 -1.8596 -8.8706 -0.058112 -0.82157 -0.71047 0.22414 -0.3148 4.427 6.8086 8
-7.3705 1.3532 -2.2887 0.025118 0.5191 3.5224 -8.3976 -4.1138 -0.33766 -0.98687 0.066798 40.824 12.436 11.036 -1.4392 -8.5219 -0.18651 -0.8098 -0.70431 0.20043 0.58275 4.4145 6.4657 8
-6.8986 0.48751 -3.1245 0.092098 0.49817 2.3486 -7.4881 -4.2572 -0.33766 -0.98687 0.066798 40.332 18.496 9.398 -1.4743 -8.2909 -0.091629 -0.8098 -0.70431 0.20043 1.1122 3.4984 6.1244 8
-9.4337 -0.53828 -4.0906 0.016745 0.0041863 -0.52243 -7.6325 -6.8139 0.41929 -0.69981 0.11395 34.089 10.852 -5.1193 3.3875 -5.132 4.7955 0.65686 -0.53388 1.0603 3.4213 1.0192 -3.5519 9
-9.7643 0.84312 -5.1873 0.012559 0.054422 -0.47956 -7.6504 -6.6269 0.43043 -0.66041 0.16306 18.027 -4.5839 -5.2209 0.051326 -6.3925 5.7533 0.65686 -0.53388 1.0603 4.37 6.1199 -0.69582 9
-10.079 -0.1013 -6.0091 0.041863 0.10466 -1.6916 -6.8578 -4.589 0.43043 -0.66041 0.16306 35.336 -0.53685 -4.5975 2.7378 -8.285 6.5024 0.68039 -0.52156 1.0582 7.78 6.0025 9.1208 9
-14.966 -0.18538 1.5517 -0.39351 0.016745 2.1935 -18.368 -5.1361 0.56772 -0.803 -0.0058939 -45.859 41.926 0.35361 -17.72 9.5017 -1.827 -0.88824 0.4538 0.46767 54.65 7.2339 88.385 10
-11.561 0.25033 0.78042 -0.23025 0.066981 -1.1953 -19.145 10.302 0.56772 -0.803 -0.0058939 -24.986 -3.2364 2.5523 -13.696 8.321 1.1036 -0.88824 0.4538 0.46767 54.11 -28.899 86.209 10
-7.6707 1.2133 -0.72238 -0.050235 0.1842 -0.55877 -14.543 7.1319 0.56772 -0.803 -0.0058939 24.356 -27.583 6.4265 -8.5926 7.3165 0.64707 -0.86863 0.56879 0.32759 54.594 -52.265 73.095 10
-6.8405 1.1151 0.8372 -0.69492 -1.7206 -3.9508 -19.154 12.294 0.5974 -0.74109 -0.38114 118.88 -71.831 14.358 -19.67 1.2327 -3.73 -0.78431 -0.48665 0.58405 6.0901 124.27 73.969 11
-2.3256 1.6357 1.7788 -0.68655 -1.4108 9.4186 -11.642 -15.696 0.5974 -0.74109 -0.38114 20.622 -169.75 34.618 -13.87 6.6378 0.77981 -0.78431 -0.48665 0.58405 21.965 95.998 111.75 11
5.1427 3.9738 1.705 -1.842 -2.4113 19.521 -6.9617 -12.007 0.5974 -0.74109 -0.38114 -72.995 40.179 44.492 -9.195 11.686 3.6051 -0.78431 -0.48665 0.58405 38.352 47.035 132.07 11
-12.989 -3.596 -17.029 0.10884 1.7708 5.842 -12.956 -12.433 0.27458 -0.8349 -0.63261 3.6888 22.348 -44.742 -13.981 2.5849 0.49383 -0.81961 0.39836 0.61422 -10.978 -20.631 -59.58 12
-21.827 -2.5842 -16.938 0.066981 1.662 -8.7174 -5.1231 -3.3954 0.27458 -0.8349 -0.63261 -12.234 -84.281 22.733 -21.361 2.5219 -0.81141 -0.81961 0.39836 0.61422 0.32902 -56.864 -78.125 12
-21.823 -1.7869 -16.866 0.28048 1.7834 -6.3176 -3.1728 -7.3781 0.25788 -0.82739 -0.63458 12.498 -17.006 10.598 -21.299 1.5013 -2.8729 -0.81961 0.30595 0.66379 20.939 -42.544 -95.546 12
